<?xml version="1.0" encoding="UTF-8"?>
<testsuite name="filaB.Ejercicio4B" tests="1" skipped="0" failures="0" errors="0" timestamp="2023-10-20T06:34:37" hostname="RENUCOV" time="39.019">
  <properties/>
  <testcase name="verifyPregunta3()" classname="filaB.Ejercicio4B" time="39.019"/>
  <system-out><![CDATA[]]></system-out>
  <system-err><![CDATA[]]></system-err>
</testsuite>
